<?xml version="1.0" encoding="UTF-8"?>
<!-- Generated by org.testng.reporters.JUnitXMLReporter -->
<testsuite ignored="0" hostname="THINKPAD-DEO" failures="0" tests="4" name="Default test" time="11.914" errors="0" timestamp="2024-08-24T21:21:50 IST">
  <testcase classname="test.whatwedoTest" name="crmsoftware" time="0.84"/>
  <testcase classname="test.whatwedoTest" name="mobileapp" time="1.785"/>
  <testcase classname="test.whatwedoTest" name="software" time="0.823"/>
  <testcase classname="test.whatwedoTest" name="whatWedo" time="1.231"/>
</testsuite> <!-- Default test -->
