<?xml version="1.0" encoding="UTF-8"?>
<testng-results ignored="0" total="4" passed="4" failed="0" skipped="0">
  <reporter-output>
  </reporter-output>
  <suite started-at="2024-08-24T21:21:38 IST" name="Default suite" finished-at="2024-08-24T21:21:50 IST" duration-ms="11914">
    <groups>
    </groups>
    <test started-at="2024-08-24T21:21:38 IST" name="Default test" finished-at="2024-08-24T21:21:50 IST" duration-ms="11914">
      <class name="test.whatwedoTest">
        <test-method is-config="true" signature="urlLaunch()[pri:0, instance:test.whatwedoTest@5d0bf09b]" started-at="2024-08-24T21:21:38 IST" name="urlLaunch" finished-at="2024-08-24T21:21:45 IST" duration-ms="7053" status="PASS">
          <reporter-output>
          </reporter-output>
        </test-method> <!-- urlLaunch -->
        <test-method signature="crmsoftware()[pri:0, instance:test.whatwedoTest@5d0bf09b]" started-at="2024-08-24T21:21:45 IST" name="crmsoftware" finished-at="2024-08-24T21:21:46 IST" duration-ms="840" status="PASS">
          <reporter-output>
          </reporter-output>
        </test-method> <!-- crmsoftware -->
        <test-method signature="mobileapp()[pri:0, instance:test.whatwedoTest@5d0bf09b]" started-at="2024-08-24T21:21:46 IST" name="mobileapp" finished-at="2024-08-24T21:21:47 IST" duration-ms="1785" status="PASS">
          <reporter-output>
          </reporter-output>
        </test-method> <!-- mobileapp -->
        <test-method signature="software()[pri:0, instance:test.whatwedoTest@5d0bf09b]" started-at="2024-08-24T21:21:47 IST" name="software" finished-at="2024-08-24T21:21:48 IST" duration-ms="823" status="PASS">
          <reporter-output>
          </reporter-output>
        </test-method> <!-- software -->
        <test-method signature="whatWedo()[pri:0, instance:test.whatwedoTest@5d0bf09b]" started-at="2024-08-24T21:21:48 IST" name="whatWedo" finished-at="2024-08-24T21:21:50 IST" duration-ms="1231" status="PASS">
          <reporter-output>
          </reporter-output>
        </test-method> <!-- whatWedo -->
      </class> <!-- test.whatwedoTest -->
    </test> <!-- Default test -->
  </suite> <!-- Default suite -->
</testng-results>
